　｜ 1 1｜
--＋----＋
 1｜　　｜
 1｜　　｜
--＋----＋
初期見積もり: 行合計=4, 列合計=4, 総合計=8
スキャン統計: スキャン数=0, 候補総数=0
★
　｜ 1 1｜
--＋----＋
 1｜■×｜<<<<
 1｜　　｜
--＋----＋
★
　｜ 1 1｜
--＋----＋
 1｜■×｜<<<<
 1｜×　｜
--＋----＋
★
　｜ 1 1｜
--＋----＋
 1｜■×｜
 1｜×■｜<<<<
--＋----＋
★
　｜ 1 1｜
--＋----＋
 1｜■×｜
 1｜×■｜<<<<
--＋----＋
スキャン統計: スキャン数=4, 候補総数=4
★
　｜ 1 1｜
--＋----＋
 1｜×■｜<<<<
 1｜　　｜
--＋----＋
★
　｜ 1 1｜
--＋----＋
 1｜×■｜<<<<
 1｜■　｜
--＋----＋
★
　｜ 1 1｜
--＋----＋
 1｜×■｜
 1｜■×｜<<<<
--＋----＋
★
　｜ 1 1｜
--＋----＋
 1｜×■｜
 1｜■×｜<<<<
--＋----＋
スキャン統計: スキャン数=4, 候補総数=4
仮定法の深さ: 1
複数解が存在します。
--- 解 1 ---
　｜ 1 1｜
--＋----＋
 1｜■×｜
 1｜×■｜
--＋----＋
--- 解 2 ---
　｜ 1 1｜
--＋----＋
 1｜×■｜
 1｜■×｜
--＋----＋
