　｜ 1 1｜
--＋----＋
 1｜　　｜
 1｜　　｜
--＋----＋
★
　｜ 1 1｜
--＋----＋
 1｜■×｜<<<<
 1｜　　｜
--＋----＋
★
　｜ 1 1｜
--＋----＋
 1｜■×｜<<<<
 1｜×　｜
--＋----＋
★
　｜ 1 1｜
--＋----＋
 1｜■×｜
 1｜×■｜<<<<
--＋----＋
★
　｜ 1 1｜
--＋----＋
 1｜■×｜
 1｜×■｜<<<<
--＋----＋
★
　｜ 1 1｜
--＋----＋
 1｜×■｜<<<<
 1｜　　｜
--＋----＋
★
　｜ 1 1｜
--＋----＋
 1｜×■｜<<<<
 1｜■　｜
--＋----＋
★
　｜ 1 1｜
--＋----＋
 1｜×■｜
 1｜■×｜<<<<
--＋----＋
★
　｜ 1 1｜
--＋----＋
 1｜×■｜
 1｜■×｜<<<<
--＋----＋
複数解が存在します。
--- 解 1 ---
　｜ 1 1｜
--＋----＋
 1｜■×｜
 1｜×■｜
--＋----＋
--- 解 2 ---
　｜ 1 1｜
--＋----＋
 1｜×■｜
 1｜■×｜
--＋----＋
