　　｜　　 2 1 1 2　　｜
　　｜　　 1 1 1 1 3 2｜
　　｜ 4 6 2 1 1 2 2 1｜
----＋----------------＋
　 4｜　　　　　　　　｜
 2 2｜　　　　　　　　｜
 2 2｜　　　　　　　　｜
　 8｜　　　　　　　　｜
　 2｜　　　　　　　　｜
 2 2｜　　　　　　　　｜
 2 2｜　　　　　　　　｜
　 4｜　　　　　　　　｜
----＋----------------＋
初期見積もり: 行合計=58, 列合計=77, 総合計=135
★
　　｜　　 2 1 1 2　　｜
　　｜　　 1 1 1 1 3 2｜
　　｜ 4 6 2 1 1 2 2 1｜
----＋----------------＋
　 4｜　　　　　　　　｜
 2 2｜　　　　　　　　｜
 2 2｜　　　　　　　　｜
　 8｜■■■■■■■■｜<<<<
　 2｜　　　　　　　　｜
 2 2｜　　　　　　　　｜
 2 2｜　　　　　　　　｜
　 4｜　　　　　　　　｜
----＋----------------＋
★
　　　｜　 2 2　　 2 2　｜
　　　｜ 4 2 2 8 2 2 2 4｜
------＋----------------＋
　　 4｜　　　■　　　×｜<<<<
　　 6｜　　　■　　　　｜
 2 1 2｜　　　■　　　　｜
 1 1 1｜　　　■　　　　｜
 1 1 1｜　　　■　　　　｜
 2 1 2｜　　　■　　　　｜
　 3 2｜　　　■　　　　｜
　 2 1｜　　　■　　　　｜
------＋----------------＋
★
　　　｜　 2 2　　 2 2　｜
　　　｜ 4 2 2 8 2 2 2 4｜
------＋----------------＋
　　 4｜　　　■　　　×｜
　　 6｜　　■■■■　　｜<<<<
 2 1 2｜　　　■　　　　｜
 1 1 1｜　　　■　　　　｜
 1 1 1｜　　　■　　　　｜
 2 1 2｜　　　■　　　　｜
　 3 2｜　　　■　　　　｜
　 2 1｜　　　■　　　　｜
------＋----------------＋
★
　　　｜　 2 2　　 2 2　｜
　　　｜ 4 2 2 8 2 2 2 4｜
------＋----------------＋
　　 4｜　　　■　　　×｜
　　 6｜　　■■■■　　｜
 2 1 2｜■■×■×　■　｜<<<<
 1 1 1｜　　　■　　　　｜
 1 1 1｜　　　■　　　　｜
 2 1 2｜　　　■　　　　｜
　 3 2｜　　　■　　　　｜
　 2 1｜　　　■　　　　｜
------＋----------------＋
★
　　　｜　 2 2　　 2 2　｜
　　　｜ 4 2 2 8 2 2 2 4｜
------＋----------------＋
　　 4｜　　　■　　　×｜
　　 6｜　　■■■■　　｜
 2 1 2｜■■×■×　■　｜
 1 1 1｜　　×■×　　　｜<<<<
 1 1 1｜　　　■　　　　｜
 2 1 2｜　　　■　　　　｜
　 3 2｜　　　■　　　　｜
　 2 1｜　　　■　　　　｜
------＋----------------＋
★
　　　｜　 2 2　　 2 2　｜
　　　｜ 4 2 2 8 2 2 2 4｜
------＋----------------＋
　　 4｜　　　■　　　×｜
　　 6｜　　■■■■　　｜
 2 1 2｜■■×■×　■　｜
 1 1 1｜　　×■×　　　｜
 1 1 1｜　　×■×　　　｜<<<<
 2 1 2｜　　　■　　　　｜
　 3 2｜　　　■　　　　｜
　 2 1｜　　　■　　　　｜
------＋----------------＋
★
　　　｜　 2 2　　 2 2　｜
　　　｜ 4 2 2 8 2 2 2 4｜
------＋----------------＋
　　 4｜　　　■　　　×｜
　　 6｜　　■■■■　　｜
 2 1 2｜■■×■×　■　｜
 1 1 1｜　　×■×　　　｜
 1 1 1｜　　×■×　　　｜
 2 1 2｜■■×■×　■　｜<<<<
　 3 2｜　　　■　　　　｜
　 2 1｜　　　■　　　　｜
------＋----------------＋
★
　　　｜　 2 2　　 2 2　｜
　　　｜ 4 2 2 8 2 2 2 4｜
------＋----------------＋
　　 4｜　　　■　　　×｜
　　 6｜　　■■■■　　｜
 2 1 2｜■■×■×　■　｜
 1 1 1｜　　×■×　　　｜
 1 1 1｜　　×■×　　　｜
 2 1 2｜■■×■×　■　｜
　 3 2｜×　■■　　■　｜<<<<
　 2 1｜　　　■　　　　｜
------＋----------------＋
★
　　　｜　 2 2　　 2 2　｜
　　　｜ 4 2 2 8 2 2 2 4｜
------＋----------------＋
　　 4｜　　　■　　　×｜
　　 6｜　　■■■■　　｜
 2 1 2｜■■×■×　■　｜
 1 1 1｜　　×■×　　　｜
 1 1 1｜　　×■×　　　｜
 2 1 2｜■■×■×　■　｜
　 3 2｜×　■■　　■　｜
　 2 1｜　　　■　　　　｜<<<<
------＋----------------＋
★
　　｜　　 2 1 1 2　　｜
　　｜　　 1 1 1 1 3 2｜
　　｜ 4 6 2 1 1 2 2 1｜
----＋----------------＋
　 4｜××■■■■××｜<<<<
 2 2｜　　■　　■　　｜
 2 2｜　■××××■　｜
　 8｜■■■■■■■■｜
　 2｜　■××××　　｜
 2 2｜　■　　　　　　｜
 2 2｜　　■　　■■　｜
　 4｜×　　　　　　　｜
----＋----------------＋
★
　　｜　　 2 1 1 2　　｜
　　｜　　 1 1 1 1 3 2｜
　　｜ 4 6 2 1 1 2 2 1｜
----＋----------------＋
　 4｜××■■■■××｜
 2 2｜×　■　　■　×｜<<<<
 2 2｜　■××××■　｜
　 8｜■■■■■■■■｜
　 2｜　■××××　　｜
 2 2｜　■　　　　　　｜
 2 2｜　　■　　■■　｜
　 4｜×　　　　　　　｜
----＋----------------＋
★
　　｜　　 2 1 1 2　　｜
　　｜　　 1 1 1 1 3 2｜
　　｜ 4 6 2 1 1 2 2 1｜
----＋----------------＋
　 4｜××■■■■××｜
 2 2｜×　■　　■　×｜
 2 2｜■■××××■■｜<<<<
　 8｜■■■■■■■■｜
　 2｜　■××××　　｜
 2 2｜　■　　　　　　｜
 2 2｜　　■　　■■　｜
　 4｜×　　　　　　　｜
----＋----------------＋
★
　　｜　　 2 1 1 2　　｜
　　｜　　 1 1 1 1 3 2｜
　　｜ 4 6 2 1 1 2 2 1｜
----＋----------------＋
　 4｜××■■■■××｜
 2 2｜×　■　　■　×｜
 2 2｜■■××××■■｜
　 8｜■■■■■■■■｜
　 2｜■■××××××｜<<<<
 2 2｜　■　　　　　　｜
 2 2｜　　■　　■■　｜
　 4｜×　　　　　　　｜
----＋----------------＋
★
　　｜　　 2 1 1 2　　｜
　　｜　　 1 1 1 1 3 2｜
　　｜ 4 6 2 1 1 2 2 1｜
----＋----------------＋
　 4｜××■■■■××｜
 2 2｜×　■　　■　×｜
 2 2｜■■××××■■｜
　 8｜■■■■■■■■｜
　 2｜■■××××××｜
 2 2｜　■　　　　　　｜<<<<
 2 2｜　　■　　■■　｜
　 4｜×　　　　　　　｜
----＋----------------＋
★
　　｜　　 2 1 1 2　　｜
　　｜　　 1 1 1 1 3 2｜
　　｜ 4 6 2 1 1 2 2 1｜
----＋----------------＋
　 4｜××■■■■××｜
 2 2｜×　■　　■　×｜
 2 2｜■■××××■■｜
　 8｜■■■■■■■■｜
　 2｜■■××××××｜
 2 2｜　■　　　　　　｜
 2 2｜×　■　×■■×｜<<<<
　 4｜×　　　　　　　｜
----＋----------------＋
★
　　｜　　 2 1 1 2　　｜
　　｜　　 1 1 1 1 3 2｜
　　｜ 4 6 2 1 1 2 2 1｜
----＋----------------＋
　 4｜××■■■■××｜
 2 2｜×　■　　■　×｜
 2 2｜■■××××■■｜
　 8｜■■■■■■■■｜
　 2｜■■××××××｜
 2 2｜　■　　　　　　｜
 2 2｜×　■　×■■×｜
　 4｜×　　　■　　　｜<<<<
----＋----------------＋
★
　　　｜　 2 2　　 2 2　｜
　　　｜ 4 2 2 8 2 2 2 4｜
------＋----------------＋
　　 4｜××■■■■××｜<<<<
　　 6｜×　■■■■　　｜
 2 1 2｜■■×■×　■　｜
 1 1 1｜■　×■×　　　｜
 1 1 1｜■　×■×　×■｜
 2 1 2｜■■×■×　■　｜
　 3 2｜×　■■×　■　｜
　 2 1｜××■■×　×　｜
------＋----------------＋
★
　　　｜　 2 2　　 2 2　｜
　　　｜ 4 2 2 8 2 2 2 4｜
------＋----------------＋
　　 4｜××■■■■××｜
　　 6｜×　■■■■■　｜<<<<
 2 1 2｜■■×■×　■　｜
 1 1 1｜■　×■×　　　｜
 1 1 1｜■　×■×　×■｜
 2 1 2｜■■×■×　■　｜
　 3 2｜×　■■×　■　｜
　 2 1｜××■■×　×　｜
------＋----------------＋
★
　　　｜　 2 2　　 2 2　｜
　　　｜ 4 2 2 8 2 2 2 4｜
------＋----------------＋
　　 4｜××■■■■××｜
　　 6｜×　■■■■■　｜
 2 1 2｜■■×■×　■　｜
 1 1 1｜■××■×　　　｜<<<<
 1 1 1｜■　×■×　×■｜
 2 1 2｜■■×■×　■　｜
　 3 2｜×　■■×　■　｜
　 2 1｜××■■×　×　｜
------＋----------------＋
★
　　　｜　 2 2　　 2 2　｜
　　　｜ 4 2 2 8 2 2 2 4｜
------＋----------------＋
　　 4｜××■■■■××｜
　　 6｜×　■■■■■　｜
 2 1 2｜■■×■×　■　｜
 1 1 1｜■××■×　　　｜
 1 1 1｜■××■×××■｜<<<<
 2 1 2｜■■×■×　■　｜
　 3 2｜×　■■×　■　｜
　 2 1｜××■■×　×　｜
------＋----------------＋
★
　　　｜　 2 2　　 2 2　｜
　　　｜ 4 2 2 8 2 2 2 4｜
------＋----------------＋
　　 4｜××■■■■××｜
　　 6｜×　■■■■■　｜
 2 1 2｜■■×■×　■　｜
 1 1 1｜■××■×　　　｜
 1 1 1｜■××■×××■｜
 2 1 2｜■■×■×　■　｜
　 3 2｜×■■■×　■　｜<<<<
　 2 1｜××■■×　×　｜
------＋----------------＋
★
　　　｜　 2 2　　 2 2　｜
　　　｜ 4 2 2 8 2 2 2 4｜
------＋----------------＋
　　 4｜××■■■■××｜
　　 6｜×　■■■■■　｜
 2 1 2｜■■×■×　■　｜
 1 1 1｜■××■×　　　｜
 1 1 1｜■××■×××■｜
 2 1 2｜■■×■×　■　｜
　 3 2｜×■■■×　■　｜
　 2 1｜××■■×　×　｜<<<<
------＋----------------＋
★
　　｜　　 2 1 1 2　　｜
　　｜　　 1 1 1 1 3 2｜
　　｜ 4 6 2 1 1 2 2 1｜
----＋----------------＋
　 4｜××■■■■××｜
 2 2｜×■■××■■×｜<<<<
 2 2｜■■××××■■｜
　 8｜■■■■■■■■｜
　 2｜■■××××××｜
 2 2｜■■　　×　　　｜
 2 2｜×■■　×■■×｜
　 4｜×　　　■　　　｜
----＋----------------＋
★
　　｜　　 2 1 1 2　　｜
　　｜　　 1 1 1 1 3 2｜
　　｜ 4 6 2 1 1 2 2 1｜
----＋----------------＋
　 4｜××■■■■××｜
 2 2｜×■■××■■×｜
 2 2｜■■××××■■｜
　 8｜■■■■■■■■｜
　 2｜■■××××××｜
 2 2｜■■×××　■　｜<<<<
 2 2｜×■■　×■■×｜
　 4｜×　　　■　　　｜
----＋----------------＋
★
　　｜　　 2 1 1 2　　｜
　　｜　　 1 1 1 1 3 2｜
　　｜ 4 6 2 1 1 2 2 1｜
----＋----------------＋
　 4｜××■■■■××｜
 2 2｜×■■××■■×｜
 2 2｜■■××××■■｜
　 8｜■■■■■■■■｜
　 2｜■■××××××｜
 2 2｜■■×××　■　｜
 2 2｜×■■××■■×｜<<<<
　 4｜×　　　■　　　｜
----＋----------------＋
★
　　　｜　 2 2　　 2 2　｜
　　　｜ 4 2 2 8 2 2 2 4｜
------＋----------------＋
　　 4｜××■■■■××｜
　　 6｜×■■■■■■×｜<<<<
 2 1 2｜■■×■××■　｜
 1 1 1｜■××■×××　｜
 1 1 1｜■××■×××■｜
 2 1 2｜■■×■×　■　｜
　 3 2｜×■■■×■■　｜
　 2 1｜××■■×　×　｜
------＋----------------＋
★
　　　｜　 2 2　　 2 2　｜
　　　｜ 4 2 2 8 2 2 2 4｜
------＋----------------＋
　　 4｜××■■■■××｜
　　 6｜×■■■■■■×｜
 2 1 2｜■■×■××■■｜<<<<
 1 1 1｜■××■×××　｜
 1 1 1｜■××■×××■｜
 2 1 2｜■■×■×　■　｜
　 3 2｜×■■■×■■　｜
　 2 1｜××■■×　×　｜
------＋----------------＋
★
　　　｜　 2 2　　 2 2　｜
　　　｜ 4 2 2 8 2 2 2 4｜
------＋----------------＋
　　 4｜××■■■■××｜
　　 6｜×■■■■■■×｜
 2 1 2｜■■×■××■■｜
 1 1 1｜■××■×××■｜<<<<
 1 1 1｜■××■×××■｜
 2 1 2｜■■×■×　■　｜
　 3 2｜×■■■×■■　｜
　 2 1｜××■■×　×　｜
------＋----------------＋
★
　　　｜　 2 2　　 2 2　｜
　　　｜ 4 2 2 8 2 2 2 4｜
------＋----------------＋
　　 4｜××■■■■××｜
　　 6｜×■■■■■■×｜
 2 1 2｜■■×■××■■｜
 1 1 1｜■××■×××■｜
 1 1 1｜■××■×××■｜
 2 1 2｜■■×■×　■　｜
　 3 2｜×■■■×■■×｜<<<<
　 2 1｜××■■×　×　｜
------＋----------------＋
★
　　｜　　 2 1 1 2　　｜
　　｜　　 1 1 1 1 3 2｜
　　｜ 4 6 2 1 1 2 2 1｜
----＋----------------＋
　 4｜××■■■■××｜
 2 2｜×■■××■■×｜
 2 2｜■■××××■■｜
　 8｜■■■■■■■■｜
　 2｜■■××××××｜
 2 2｜■■×××　■　｜
 2 2｜×■■××■■×｜
　 4｜××■■■■××｜<<<<
----＋----------------＋
★
　　　｜　 2 2　　 2 2　｜
　　　｜ 4 2 2 8 2 2 2 4｜
------＋----------------＋
　　 4｜××■■■■××｜
　　 6｜×■■■■■■×｜
 2 1 2｜■■×■××■■｜
 1 1 1｜■××■×××■｜
 1 1 1｜■××■×××■｜
 2 1 2｜■■×■××■■｜<<<<
　 3 2｜×■■■×■■×｜
　 2 1｜××■■×　××｜
------＋----------------＋
★
　　　｜　 2 2　　 2 2　｜
　　　｜ 4 2 2 8 2 2 2 4｜
------＋----------------＋
　　 4｜××■■■■××｜
　　 6｜×■■■■■■×｜
 2 1 2｜■■×■××■■｜
 1 1 1｜■××■×××■｜
 1 1 1｜■××■×××■｜
 2 1 2｜■■×■××■■｜
　 3 2｜×■■■×■■×｜
　 2 1｜××■■×■××｜<<<<
------＋----------------＋
★
　　｜　　 2 1 1 2　　｜
　　｜　　 1 1 1 1 3 2｜
　　｜ 4 6 2 1 1 2 2 1｜
----＋----------------＋
　 4｜××■■■■××｜
 2 2｜×■■××■■×｜
 2 2｜■■××××■■｜
　 8｜■■■■■■■■｜
　 2｜■■××××××｜
 2 2｜■■××××■■｜<<<<
 2 2｜×■■××■■×｜
　 4｜××■■■■××｜
----＋----------------＋
仮定法の深さ: 0（制約伝播のみで解決）
　　｜　　 2 1 1 2　　｜
　　｜　　 1 1 1 1 3 2｜
　　｜ 4 6 2 1 1 2 2 1｜
----＋----------------＋
　 4｜××■■■■××｜
 2 2｜×■■××■■×｜
 2 2｜■■××××■■｜
　 8｜■■■■■■■■｜
　 2｜■■××××××｜
 2 2｜■■××××■■｜
 2 2｜×■■××■■×｜
　 4｜××■■■■××｜
----＋----------------＋
